[2020/03/12 17:47:44.743 +08:00] [INFO] [util.go:50] ["Welcome to Placement Driver (PD)"]
[2020/03/12 17:47:44.743 +08:00] [INFO] [util.go:51] [PD] [release-version=v4.0.0-beta.1-35-g91a1cc12-dirty]
[2020/03/12 17:47:44.743 +08:00] [INFO] [util.go:52] [PD] [git-hash=91a1cc12d10b6376267b33b5849d96ee245181e4]
[2020/03/12 17:47:44.743 +08:00] [INFO] [util.go:53] [PD] [git-branch=master]
[2020/03/12 17:47:44.743 +08:00] [INFO] [util.go:54] [PD] [utc-build-time="2020-03-12 03:35:18"]
[2020/03/12 17:47:44.744 +08:00] [INFO] [metricutil.go:81] ["disable Prometheus push client"]
[2020/03/12 17:47:44.744 +08:00] [INFO] [server.go:217] ["PD Config"] [config="{\"client-urls\":\"http://127.0.0.1:2379\",\"peer-urls\":\"http://127.0.0.1:2380\",\"advertise-client-urls\":\"http://127.0.0.1:2379\",\"advertise-peer-urls\":\"http://127.0.0.1:2380\",\"name\":\"pd1\",\"data-dir\":\"pd1\",\"force-new-cluster\":false,\"enable-grpc-gateway\":true,\"initial-cluster\":\"pd1=http://127.0.0.1:2380\",\"initial-cluster-state\":\"new\",\"join\":\"\",\"lease\":3,\"log\":{\"level\":\"\",\"format\":\"text\",\"disable-timestamp\":false,\"file\":{\"filename\":\"pd1.log\",\"max-size\":300,\"max-days\":0,\"max-backups\":0},\"development\":false,\"disable-caller\":false,\"disable-stacktrace\":false,\"disable-error-verbose\":true,\"sampling\":null},\"log-file\":\"\",\"log-level\":\"\",\"tso-save-interval\":\"3s\",\"metric\":{\"job\":\"pd1\",\"address\":\"\",\"interval\":\"15s\"},\"schedule\":{\"max-snapshot-count\":3,\"max-pending-peer-count\":16,\"max-merge-region-size\":20,\"max-merge-region-keys\":200000,\"split-merge-interval\":\"1h0m0s\",\"enable-one-way-merge\":\"false\",\"enable-cross-table-merge\":\"false\",\"patrol-region-interval\":\"100ms\",\"max-store-down-time\":\"30m0s\",\"leader-schedule-limit\":4,\"leader-schedule-policy\":\"count\",\"region-schedule-limit\":2048,\"replica-schedule-limit\":64,\"merge-schedule-limit\":8,\"hot-region-schedule-limit\":4,\"hot-region-cache-hits-threshold\":3,\"store-balance-rate\":15,\"tolerant-size-ratio\":0,\"low-space-ratio\":0.8,\"high-space-ratio\":0.6,\"scheduler-max-waiting-operator\":5,\"enable-remove-down-replica\":\"true\",\"enable-replace-offline-replica\":\"true\",\"enable-make-up-replica\":\"true\",\"enable-remove-extra-replica\":\"true\",\"enable-location-replacement\":\"true\",\"enable-debug-metrics\":\"false\",\"schedulers-v2\":[{\"type\":\"balance-region\",\"args\":null,\"disable\":false,\"args-payload\":\"\"},{\"type\":\"balance-leader\",\"args\":null,\"disable\":false,\"args-payload\":\"\"},{\"type\":\"hot-region\",\"args\":null,\"disable\":false,\"args-payload\":\"\"},{\"type\":\"label\",\"args\":null,\"disable\":false,\"args-payload\":\"\"}],\"store-limit-mode\":\"manual\"},\"schedulers-payload\":null,\"replication\":{\"max-replicas\":3,\"location-labels\":\"\",\"strictly-match-label\":\"false\",\"enable-placement-rules\":\"false\"},\"pd-server\":{\"use-region-storage\":\"true\",\"max-reset-ts-gap\":86400000000000,\"key-type\":\"table\",\"runtime-services\":\"\",\"metric-storage\":\"\"},\"cluster-version\":\"0.0.0\",\"quota-backend-bytes\":\"8GiB\",\"auto-compaction-mode\":\"periodic\",\"auto-compaction-retention-v2\":\"1h\",\"TickInterval\":\"500ms\",\"ElectionInterval\":\"3s\",\"PreVote\":true,\"security\":{\"cacert-path\":\"\",\"cert-path\":\"\",\"key-path\":\"\",\"client-cert-auth\":false},\"label-property\":null,\"WarningMsgs\":null,\"DisableStrictReconfigCheck\":false,\"HeartbeatStreamBindInterval\":\"1m0s\",\"LeaderPriorityCheckInterval\":\"1m0s\",\"enable-dynamic-config\":true,\"EnableDashboard\":true}"]
[2020/03/12 17:47:44.749 +08:00] [INFO] [server.go:190] ["register REST path"] [path=/pd/api/v1]
[2020/03/12 17:47:44.766 +08:00] [INFO] [apiserver.go:109] ["Enabled Dashboard API"] [path=/dashboard/api/]
[2020/03/12 17:47:44.766 +08:00] [INFO] [server.go:190] ["register REST path"] [path=/dashboard/api/]
[2020/03/12 17:47:44.766 +08:00] [INFO] [uiserver.go:38] ["Enabled Dashboard UI"] [path=/dashboard/]
[2020/03/12 17:47:44.766 +08:00] [INFO] [server.go:190] ["register REST path"] [path=/dashboard/]
[2020/03/12 17:47:44.766 +08:00] [INFO] [systime_mon.go:26] ["start system time monitor"]
[2020/03/12 17:47:44.766 +08:00] [INFO] [etcd.go:117] ["configuring peer listeners"] [listen-peer-urls="[http://127.0.0.1:2380]"]
[2020/03/12 17:47:44.766 +08:00] [INFO] [etcd.go:127] ["configuring client listeners"] [listen-client-urls="[http://127.0.0.1:2379]"]
[2020/03/12 17:47:44.766 +08:00] [INFO] [etcd.go:602] ["pprof is enabled"] [path=/debug/pprof]
[2020/03/12 17:47:44.766 +08:00] [INFO] [etcd.go:299] ["starting an etcd server"] [etcd-version=3.4.3] [git-sha="Not provided (use ./build instead of go build)"] [go-version=go1.13.4] [go-os=darwin] [go-arch=amd64] [max-cpu-set=8] [max-cpu-available=8] [member-initialized=false] [name=pd1] [data-dir=pd1] [wal-dir=] [wal-dir-dedicated=] [member-dir=pd1/member] [force-new-cluster=false] [heartbeat-interval=500ms] [election-timeout=3s] [initial-election-tick-advance=true] [snapshot-count=100000] [snapshot-catchup-entries=5000] [initial-advertise-peer-urls="[http://127.0.0.1:2380]"] [listen-peer-urls="[http://127.0.0.1:2380]"] [advertise-client-urls="[http://127.0.0.1:2379]"] [listen-client-urls="[http://127.0.0.1:2379]"] [listen-metrics-urls="[]"] [cors="[*]"] [host-whitelist="[*]"] [initial-cluster="pd1=http://127.0.0.1:2380"] [initial-cluster-state=new] [initial-cluster-token=etcd-cluster] [quota-size-bytes=8589934592] [pre-vote=true] [initial-corrupt-check=false] [corrupt-check-time-interval=0s] [auto-compaction-mode=periodic] [auto-compaction-retention=1h0m0s] [auto-compaction-interval=1h0m0s] [discovery-url=] [discovery-proxy=]
[2020/03/12 17:47:44.773 +08:00] [INFO] [backend.go:79] ["opened backend db"] [path=pd1/member/snap/db] [took=6.844786ms]
[2020/03/12 17:47:44.951 +08:00] [INFO] [raft.go:456] ["starting local member"] [local-member-id=b71f75320dc06a6c] [cluster-id=1c45a069f3a1d796]
[2020/03/12 17:47:44.952 +08:00] [INFO] [raft.go:1530] ["b71f75320dc06a6c switched to configuration voters=()"]
[2020/03/12 17:47:44.952 +08:00] [INFO] [raft.go:700] ["b71f75320dc06a6c became follower at term 0"]
[2020/03/12 17:47:44.952 +08:00] [INFO] [raft.go:383] ["newRaft b71f75320dc06a6c [peers: [], term: 0, commit: 0, applied: 0, lastindex: 0, lastterm: 0]"]
[2020/03/12 17:47:44.952 +08:00] [INFO] [raft.go:700] ["b71f75320dc06a6c became follower at term 1"]
[2020/03/12 17:47:44.953 +08:00] [INFO] [raft.go:1530] ["b71f75320dc06a6c switched to configuration voters=(13195394291058371180)"]
[2020/03/12 17:47:45.000 +08:00] [WARN] [store.go:1317] ["simple token is not cryptographically signed"]
[2020/03/12 17:47:45.012 +08:00] [INFO] [quota.go:126] ["enabled backend quota"] [quota-name=v3-applier] [quota-size-bytes=8589934592] [quota-size="8.6 GB"]
[2020/03/12 17:47:45.024 +08:00] [INFO] [server.go:792] ["starting etcd server"] [local-member-id=b71f75320dc06a6c] [local-server-version=3.4.3] [cluster-version=to_be_decided]
[2020/03/12 17:47:45.025 +08:00] [INFO] [server.go:658] ["started as single-node; fast-forwarding election ticks"] [local-member-id=b71f75320dc06a6c] [forward-ticks=5] [forward-duration=2.5s] [election-ticks=6] [election-timeout=3s]
[2020/03/12 17:47:45.025 +08:00] [WARN] [metrics.go:193] ["failed to get file descriptor usage"] [error="cannot get FDUsage on darwin"]
[2020/03/12 17:47:45.026 +08:00] [INFO] [raft.go:1530] ["b71f75320dc06a6c switched to configuration voters=(13195394291058371180)"]
[2020/03/12 17:47:45.026 +08:00] [INFO] [cluster.go:392] ["added member"] [cluster-id=1c45a069f3a1d796] [local-member-id=b71f75320dc06a6c] [added-peer-id=b71f75320dc06a6c] [added-peer-peer-urls="[http://127.0.0.1:2380]"]
[2020/03/12 17:47:45.032 +08:00] [INFO] [etcd.go:576] ["serving peer traffic"] [address=127.0.0.1:2380]
[2020/03/12 17:47:45.032 +08:00] [INFO] [etcd.go:241] ["now serving peer/client/metrics"] [local-member-id=b71f75320dc06a6c] [initial-advertise-peer-urls="[http://127.0.0.1:2380]"] [listen-peer-urls="[http://127.0.0.1:2380]"] [advertise-client-urls="[http://127.0.0.1:2379]"] [listen-client-urls="[http://127.0.0.1:2379]"] [listen-metrics-urls="[]"]
[2020/03/12 17:47:45.459 +08:00] [INFO] [raft.go:923] ["b71f75320dc06a6c is starting a new election at term 1"]
[2020/03/12 17:47:45.460 +08:00] [INFO] [raft.go:729] ["b71f75320dc06a6c became pre-candidate at term 1"]
[2020/03/12 17:47:45.460 +08:00] [INFO] [raft.go:824] ["b71f75320dc06a6c received MsgPreVoteResp from b71f75320dc06a6c at term 1"]
[2020/03/12 17:47:45.460 +08:00] [INFO] [raft.go:713] ["b71f75320dc06a6c became candidate at term 2"]
[2020/03/12 17:47:45.460 +08:00] [INFO] [raft.go:824] ["b71f75320dc06a6c received MsgVoteResp from b71f75320dc06a6c at term 2"]
[2020/03/12 17:47:45.460 +08:00] [INFO] [raft.go:765] ["b71f75320dc06a6c became leader at term 2"]
[2020/03/12 17:47:45.460 +08:00] [INFO] [node.go:325] ["raft.node: b71f75320dc06a6c elected leader b71f75320dc06a6c at term 2"]
[2020/03/12 17:47:45.460 +08:00] [INFO] [server.go:2501] ["setting up initial cluster version"] [cluster-version=3.4]
[2020/03/12 17:47:45.467 +08:00] [INFO] [cluster.go:558] ["set initial cluster version"] [cluster-id=1c45a069f3a1d796] [local-member-id=b71f75320dc06a6c] [cluster-version=3.4]
[2020/03/12 17:47:45.467 +08:00] [INFO] [server.go:297] ["create etcd v3 client"] [endpoints="[http://127.0.0.1:2379]"]
[2020/03/12 17:47:45.467 +08:00] [INFO] [server.go:2016] ["published local member to cluster through raft"] [local-member-id=b71f75320dc06a6c] [local-member-attributes="{Name:pd1 ClientURLs:[http://127.0.0.1:2379]}"] [request-path=/0/members/b71f75320dc06a6c/attributes] [cluster-id=1c45a069f3a1d796] [publish-timeout=11s]
[2020/03/12 17:47:45.468 +08:00] [INFO] [capability.go:76] ["enabled capabilities for version"] [cluster-version=3.4]
[2020/03/12 17:47:45.468 +08:00] [INFO] [server.go:2533] ["cluster version is updated"] [cluster-version=3.4]
[2020/03/12 17:47:45.469 +08:00] [INFO] [serve.go:139] ["serving client traffic insecurely; this is strongly discouraged!"] [address=127.0.0.1:2379]
[2020/03/12 17:47:45.474 +08:00] [INFO] [server.go:342] ["init cluster id"] [cluster-id=6803255966834677583]
[2020/03/12 17:47:45.519 +08:00] [WARN] [history_buffer.go:138] ["load history index failed"] [error="leveldb: not found"]
[2020/03/12 17:47:45.519 +08:00] [INFO] [history_buffer.go:146] ["start from history index"] [start-index=0]
[2020/03/12 17:47:45.522 +08:00] [INFO] [server.go:1067] ["start to campaign leader"] [campaign-leader-name=pd1]
[2020/03/12 17:47:45.529 +08:00] [INFO] [server.go:1084] ["campaign leader ok"] [campaign-leader-name=pd1]
[2020/03/12 17:47:45.537 +08:00] [INFO] [tso.go:137] ["sync and save timestamp"] [last=1754/08/30 22:43:41.128 +00:00] [save=2020/03/12 17:47:48.535 +08:00] [next=2020/03/12 17:47:45.535 +08:00]
[2020/03/12 17:47:45.543 +08:00] [INFO] [server.go:1328] ["server enable region storage"]
[2020/03/12 17:47:45.545 +08:00] [INFO] [util.go:84] ["load cluster version"] [cluster-version=0.0.0]
[2020/03/12 17:47:45.545 +08:00] [INFO] [server.go:1110] ["PD cluster leader is ready to serve"] [leader-name=pd1]
[2020/03/12 17:47:46.523 +08:00] [INFO] [config_client.go:50] ["[pd] create pd configuration client with endpoints"] [pd-address="[http://127.0.0.1:2379]"]
[2020/03/12 17:47:46.527 +08:00] [INFO] [base_client.go:242] ["[pd] switch leader"] [new-leader=http://127.0.0.1:2379] [old-leader=]
[2020/03/12 17:47:46.527 +08:00] [INFO] [base_client.go:92] ["[pd] init cluster id"] [cluster-id=6803255966834677583]
[2020/03/12 17:47:46.530 +08:00] [INFO] [grpc_service.go:37] ["component has registered"] [component=pd] [component-id=127.0.0.1:2379]
[2020/03/12 18:47:45.097 +08:00] [INFO] [periodic.go:135] ["starting auto periodic compaction"] [revision=1] [compact-period=1h0m0s]
[2020/03/12 18:47:45.112 +08:00] [INFO] [index.go:189] ["compact tree index"] [revision=1]
[2020/03/12 18:47:45.112 +08:00] [INFO] [periodic.go:146] ["completed auto periodic compaction"] [revision=1] [compact-period=1h0m0s] [took=1h0m0.055503278s]
[2020/03/12 18:47:45.112 +08:00] [INFO] [kvstore_compaction.go:55] ["finished scheduled compaction"] [compact-revision=1] [took=26.424µs]
[2020/03/12 19:47:45.240 +08:00] [INFO] [periodic.go:135] ["starting auto periodic compaction"] [revision=1080] [compact-period=1h0m0s]
[2020/03/12 19:47:45.268 +08:00] [INFO] [index.go:189] ["compact tree index"] [revision=1080]
[2020/03/12 19:47:45.268 +08:00] [INFO] [periodic.go:146] ["completed auto periodic compaction"] [revision=1080] [compact-period=1h0m0s] [took=1h0m0.074039963s]
[2020/03/12 19:47:45.293 +08:00] [INFO] [kvstore_compaction.go:55] ["finished scheduled compaction"] [compact-revision=1080] [took=25.270182ms]
[2020/03/12 19:56:36.583 +08:00] [WARN] [tso.go:205] ["clock offset"] [jet-lag=6m0.690766s] [prev-physical=2020/03/12 19:50:35.892 +08:00] [now=2020/03/12 19:56:36.583 +08:00]
[2020/03/12 19:56:37.338 +08:00] [WARN] [tso.go:205] ["clock offset"] [jet-lag=755.531ms] [prev-physical=2020/03/12 19:56:36.583 +08:00] [now=2020/03/12 19:56:37.338 +08:00]
[2020/03/12 19:56:51.036 +08:00] [ERROR] [systime_mon.go:34] ["system time jump backward"] [last=1584014211064544000]
[2020/03/12 19:56:51.036 +08:00] [ERROR] [server.go:443] ["system time jumps backward"]
[2020/03/12 20:18:29.751 +08:00] [WARN] [tso.go:205] ["clock offset"] [jet-lag=20m59.386466s] [prev-physical=2020/03/12 19:57:30.365 +08:00] [now=2020/03/12 20:18:29.751 +08:00]
[2020/03/12 20:18:30.510 +08:00] [WARN] [tso.go:205] ["clock offset"] [jet-lag=758.857ms] [prev-physical=2020/03/12 20:18:29.751 +08:00] [now=2020/03/12 20:18:30.510 +08:00]
[2020/03/12 20:35:35.598 +08:00] [WARN] [tso.go:205] ["clock offset"] [jet-lag=14m26.956072s] [prev-physical=2020/03/12 20:21:08.642 +08:00] [now=2020/03/12 20:35:35.598 +08:00]
[2020/03/12 20:35:35.957 +08:00] [WARN] [tso.go:205] ["clock offset"] [jet-lag=358.647ms] [prev-physical=2020/03/12 20:35:35.598 +08:00] [now=2020/03/12 20:35:35.956 +08:00]
[2020/03/12 21:01:17.145 +08:00] [WARN] [tso.go:205] ["clock offset"] [jet-lag=24m47.629474s] [prev-physical=2020/03/12 20:36:29.515 +08:00] [now=2020/03/12 21:01:17.145 +08:00]
[2020/03/12 21:15:10.277 +08:00] [WARN] [tso.go:205] ["clock offset"] [jet-lag=12m59.212971s] [prev-physical=2020/03/12 21:02:11.064 +08:00] [now=2020/03/12 21:15:10.277 +08:00]
[2020/03/12 21:17:18.753 +08:00] [WARN] [tso.go:205] ["clock offset"] [jet-lag=1m14.534983s] [prev-physical=2020/03/12 21:16:04.218 +08:00] [now=2020/03/12 21:17:18.753 +08:00]
[2020/03/12 21:17:19.108 +08:00] [WARN] [tso.go:205] ["clock offset"] [jet-lag=354.874ms] [prev-physical=2020/03/12 21:17:18.753 +08:00] [now=2020/03/12 21:17:19.108 +08:00]
[2020/03/12 21:32:54.905 +08:00] [WARN] [tso.go:205] ["clock offset"] [jet-lag=14m42.196354s] [prev-physical=2020/03/12 21:18:12.709 +08:00] [now=2020/03/12 21:32:54.905 +08:00]
[2020/03/12 21:32:55.654 +08:00] [WARN] [tso.go:205] ["clock offset"] [jet-lag=748.356ms] [prev-physical=2020/03/12 21:32:54.905 +08:00] [now=2020/03/12 21:32:55.654 +08:00]
[2020/03/12 21:46:51.017 +08:00] [WARN] [tso.go:205] ["clock offset"] [jet-lag=13m40.964957s] [prev-physical=2020/03/12 21:33:10.053 +08:00] [now=2020/03/12 21:46:51.017 +08:00]
[2020/03/12 21:46:51.785 +08:00] [WARN] [tso.go:205] ["clock offset"] [jet-lag=767.663ms] [prev-physical=2020/03/12 21:46:51.017 +08:00] [now=2020/03/12 21:46:51.785 +08:00]
[2020/03/12 22:14:48.143 +08:00] [WARN] [tso.go:205] ["clock offset"] [jet-lag=27m43.839414s] [prev-physical=2020/03/12 21:47:04.304 +08:00] [now=2020/03/12 22:14:48.143 +08:00]
[2020/03/12 22:34:36.308 +08:00] [WARN] [tso.go:205] ["clock offset"] [jet-lag=19m32.553953s] [prev-physical=2020/03/12 22:15:03.754 +08:00] [now=2020/03/12 22:34:36.308 +08:00]
[2020/03/12 22:34:37.067 +08:00] [WARN] [tso.go:205] ["clock offset"] [jet-lag=759.204ms] [prev-physical=2020/03/12 22:34:36.308 +08:00] [now=2020/03/12 22:34:37.067 +08:00]
[2020/03/12 22:54:29.053 +08:00] [WARN] [tso.go:205] ["clock offset"] [jet-lag=19m39.503636s] [prev-physical=2020/03/12 22:34:49.549 +08:00] [now=2020/03/12 22:54:29.053 +08:00]
[2020/03/12 22:57:28.524 +08:00] [WARN] [tso.go:205] ["clock offset"] [jet-lag=2m5.453653s] [prev-physical=2020/03/12 22:55:23.071 +08:00] [now=2020/03/12 22:57:28.524 +08:00]
[2020/03/12 22:57:29.283 +08:00] [WARN] [tso.go:205] ["clock offset"] [jet-lag=758.797ms] [prev-physical=2020/03/12 22:57:28.524 +08:00] [now=2020/03/12 22:57:29.283 +08:00]
[2020/03/12 23:20:11.365 +08:00] [WARN] [tso.go:205] ["clock offset"] [jet-lag=22m28.821177s] [prev-physical=2020/03/12 22:57:42.543 +08:00] [now=2020/03/12 23:20:11.365 +08:00]
[2020/03/12 23:22:56.138 +08:00] [WARN] [tso.go:205] ["clock offset"] [jet-lag=2m31.486817s] [prev-physical=2020/03/12 23:20:24.652 +08:00] [now=2020/03/12 23:22:56.138 +08:00]
[2020/03/12 23:52:03.606 +08:00] [WARN] [tso.go:205] ["clock offset"] [jet-lag=28m54.101989s] [prev-physical=2020/03/12 23:23:09.504 +08:00] [now=2020/03/12 23:52:03.606 +08:00]
[2020/03/12 23:52:04.376 +08:00] [WARN] [tso.go:205] ["clock offset"] [jet-lag=770.176ms] [prev-physical=2020/03/12 23:52:03.606 +08:00] [now=2020/03/12 23:52:04.376 +08:00]
[2020/03/13 00:15:53.442 +08:00] [WARN] [tso.go:205] ["clock offset"] [jet-lag=23m36.58253s] [prev-physical=2020/03/12 23:52:16.859 +08:00] [now=2020/03/13 00:15:53.442 +08:00]
[2020/03/13 00:15:54.198 +08:00] [WARN] [tso.go:205] ["clock offset"] [jet-lag=756.192ms] [prev-physical=2020/03/13 00:15:53.442 +08:00] [now=2020/03/13 00:15:54.198 +08:00]
[2020/03/13 01:42:30.852 +08:00] [WARN] [tso.go:205] ["clock offset"] [jet-lag=1h26m24.191471s] [prev-physical=2020/03/13 00:16:06.660 +08:00] [now=2020/03/13 01:42:30.852 +08:00]
[2020/03/13 01:42:31.614 +08:00] [WARN] [tso.go:205] ["clock offset"] [jet-lag=762.814ms] [prev-physical=2020/03/13 01:42:30.852 +08:00] [now=2020/03/13 01:42:31.614 +08:00]
[2020/03/13 03:30:36.832 +08:00] [WARN] [tso.go:205] ["clock offset"] [jet-lag=1h47m50.324576s] [prev-physical=2020/03/13 01:42:46.507 +08:00] [now=2020/03/13 03:30:36.832 +08:00]
[2020/03/13 03:30:37.590 +08:00] [WARN] [tso.go:205] ["clock offset"] [jet-lag=758.544ms] [prev-physical=2020/03/13 03:30:36.832 +08:00] [now=2020/03/13 03:30:37.590 +08:00]
[2020/03/13 05:18:40.821 +08:00] [WARN] [tso.go:205] ["clock offset"] [jet-lag=1h47m50.733906s] [prev-physical=2020/03/13 03:30:50.087 +08:00] [now=2020/03/13 05:18:40.821 +08:00]
[2020/03/13 05:18:41.592 +08:00] [WARN] [tso.go:205] ["clock offset"] [jet-lag=771.413ms] [prev-physical=2020/03/13 05:18:40.821 +08:00] [now=2020/03/13 05:18:41.592 +08:00]
[2020/03/13 07:06:44.822 +08:00] [WARN] [tso.go:205] ["clock offset"] [jet-lag=1h47m50.689384s] [prev-physical=2020/03/13 05:18:54.133 +08:00] [now=2020/03/13 07:06:44.822 +08:00]
[2020/03/13 07:06:45.582 +08:00] [WARN] [tso.go:205] ["clock offset"] [jet-lag=760.299ms] [prev-physical=2020/03/13 07:06:44.822 +08:00] [now=2020/03/13 07:06:45.582 +08:00]
[2020/03/13 07:15:59.550 +08:00] [WARN] [tso.go:205] ["clock offset"] [jet-lag=9m1.366974s] [prev-physical=2020/03/13 07:06:58.183 +08:00] [now=2020/03/13 07:15:59.550 +08:00]
[2020/03/13 07:16:00.313 +08:00] [WARN] [tso.go:205] ["clock offset"] [jet-lag=763.32ms] [prev-physical=2020/03/13 07:15:59.550 +08:00] [now=2020/03/13 07:16:00.313 +08:00]
[2020/03/13 08:35:47.738 +08:00] [WARN] [tso.go:205] ["clock offset"] [jet-lag=1h19m19.768019s] [prev-physical=2020/03/13 07:16:27.970 +08:00] [now=2020/03/13 08:35:47.738 +08:00]
[2020/03/13 08:35:48.510 +08:00] [WARN] [tso.go:205] ["clock offset"] [jet-lag=771.927ms] [prev-physical=2020/03/13 08:35:47.738 +08:00] [now=2020/03/13 08:35:48.510 +08:00]
[2020/03/13 08:35:52.809 +08:00] [ERROR] [systime_mon.go:34] ["system time jump backward"] [last=1584059753098274000]
[2020/03/13 08:35:52.809 +08:00] [ERROR] [server.go:443] ["system time jumps backward"]
[2020/03/13 09:05:02.596 +08:00] [WARN] [tso.go:205] ["clock offset"] [jet-lag=7m36.64242s] [prev-physical=2020/03/13 08:57:25.953 +08:00] [now=2020/03/13 09:05:02.596 +08:00]
[2020/03/13 09:05:03.277 +08:00] [WARN] [tso.go:205] ["clock offset"] [jet-lag=681.405ms] [prev-physical=2020/03/13 09:05:02.596 +08:00] [now=2020/03/13 09:05:03.277 +08:00]
[2020/03/13 09:28:54.775 +08:00] [WARN] [tso.go:205] ["clock offset"] [jet-lag=8m32.146702s] [prev-physical=2020/03/13 09:20:22.629 +08:00] [now=2020/03/13 09:28:54.775 +08:00]
[2020/03/13 09:28:55.459 +08:00] [WARN] [tso.go:205] ["clock offset"] [jet-lag=683.438ms] [prev-physical=2020/03/13 09:28:54.775 +08:00] [now=2020/03/13 09:28:55.459 +08:00]
[2020/03/13 09:37:00.721 +08:00] [INFO] [periodic.go:135] ["starting auto periodic compaction"] [revision=2276] [compact-period=1h0m0s]
[2020/03/13 09:37:00.739 +08:00] [INFO] [index.go:189] ["compact tree index"] [revision=2276]
[2020/03/13 09:37:00.739 +08:00] [INFO] [periodic.go:146] ["completed auto periodic compaction"] [revision=2276] [compact-period=1h0m0s] [took=1h0m0.069328413s]
[2020/03/13 09:37:00.766 +08:00] [INFO] [kvstore_compaction.go:55] ["finished scheduled compaction"] [compact-revision=2276] [took=26.558513ms]
[2020/03/13 09:47:53.909 +08:00] [WARN] [tso.go:205] ["clock offset"] [jet-lag=6m0.269927s] [prev-physical=2020/03/13 09:41:53.639 +08:00] [now=2020/03/13 09:47:53.909 +08:00]
[2020/03/13 09:47:54.682 +08:00] [WARN] [tso.go:205] ["clock offset"] [jet-lag=773.428ms] [prev-physical=2020/03/13 09:47:53.909 +08:00] [now=2020/03/13 09:47:54.682 +08:00]
[2020/03/13 10:20:22.035 +08:00] [WARN] [tso.go:205] ["clock offset"] [jet-lag=27m4.838481s] [prev-physical=2020/03/13 09:53:17.197 +08:00] [now=2020/03/13 10:20:22.035 +08:00]
[2020/03/13 10:20:22.808 +08:00] [WARN] [tso.go:205] ["clock offset"] [jet-lag=773.25ms] [prev-physical=2020/03/13 10:20:22.035 +08:00] [now=2020/03/13 10:20:22.808 +08:00]
[2020/03/13 10:24:46.592 +08:00] [WARN] [tso.go:205] ["clock offset"] [jet-lag=2m1.865887s] [prev-physical=2020/03/13 10:22:44.726 +08:00] [now=2020/03/13 10:24:46.592 +08:00]
[2020/03/13 10:28:19.857 +08:00] [WARN] [tso.go:205] ["clock offset"] [jet-lag=24.238289s] [prev-physical=2020/03/13 10:27:55.619 +08:00] [now=2020/03/13 10:28:19.857 +08:00]
[2020/03/13 11:10:55.174 +08:00] [WARN] [tso.go:205] ["clock offset"] [jet-lag=39m20.241657s] [prev-physical=2020/03/13 10:31:34.933 +08:00] [now=2020/03/13 11:10:55.174 +08:00]
[2020/03/13 11:10:55.947 +08:00] [WARN] [tso.go:205] ["clock offset"] [jet-lag=772.235ms] [prev-physical=2020/03/13 11:10:55.174 +08:00] [now=2020/03/13 11:10:55.947 +08:00]
[2020/03/13 11:20:15.069 +08:00] [WARN] [tso.go:205] ["clock offset"] [jet-lag=6m10.847402s] [prev-physical=2020/03/13 11:14:04.222 +08:00] [now=2020/03/13 11:20:15.069 +08:00]
[2020/03/13 11:20:15.751 +08:00] [WARN] [tso.go:205] ["clock offset"] [jet-lag=681.907ms] [prev-physical=2020/03/13 11:20:15.069 +08:00] [now=2020/03/13 11:20:15.751 +08:00]
[2020/03/13 11:28:25.253 +08:00] [WARN] [tso.go:205] ["clock offset"] [jet-lag=5m47.498713s] [prev-physical=2020/03/13 11:22:37.755 +08:00] [now=2020/03/13 11:28:25.253 +08:00]
[2020/03/13 11:28:26.030 +08:00] [WARN] [tso.go:205] ["clock offset"] [jet-lag=776.127ms] [prev-physical=2020/03/13 11:28:25.253 +08:00] [now=2020/03/13 11:28:26.030 +08:00]
[2020/03/13 11:42:02.907 +08:00] [WARN] [tso.go:205] ["clock offset"] [jet-lag=3m55.95617s] [prev-physical=2020/03/13 11:38:06.951 +08:00] [now=2020/03/13 11:42:02.907 +08:00]
[2020/03/13 11:42:03.589 +08:00] [WARN] [tso.go:205] ["clock offset"] [jet-lag=681.813ms] [prev-physical=2020/03/13 11:42:02.907 +08:00] [now=2020/03/13 11:42:03.589 +08:00]
[2020/03/13 11:46:42.893 +08:00] [WARN] [tso.go:205] ["clock offset"] [jet-lag=1m27.937431s] [prev-physical=2020/03/13 11:45:14.956 +08:00] [now=2020/03/13 11:46:42.893 +08:00]
[2020/03/13 11:53:15.836 +08:00] [WARN] [tso.go:205] ["clock offset"] [jet-lag=3m7.85669s] [prev-physical=2020/03/13 11:50:07.979 +08:00] [now=2020/03/13 11:53:15.836 +08:00]
[2020/03/13 11:53:16.607 +08:00] [WARN] [tso.go:205] ["clock offset"] [jet-lag=771.463ms] [prev-physical=2020/03/13 11:53:15.836 +08:00] [now=2020/03/13 11:53:16.607 +08:00]
[2020/03/13 12:12:08.677 +08:00] [INFO] [periodic.go:135] ["starting auto periodic compaction"] [revision=3469] [compact-period=1h0m0s]
[2020/03/13 12:12:08.694 +08:00] [INFO] [index.go:189] ["compact tree index"] [revision=3469]
[2020/03/13 12:12:08.694 +08:00] [INFO] [periodic.go:146] ["completed auto periodic compaction"] [revision=3469] [compact-period=1h0m0s] [took=1h0m0.063125302s]
[2020/03/13 12:12:08.732 +08:00] [INFO] [kvstore_compaction.go:55] ["finished scheduled compaction"] [compact-revision=3469] [took=37.732366ms]
[2020/03/13 12:54:31.775 +08:00] [WARN] [tso.go:205] ["clock offset"] [jet-lag=34m22.019473s] [prev-physical=2020/03/13 12:20:09.755 +08:00] [now=2020/03/13 12:54:31.775 +08:00]
[2020/03/13 12:54:32.538 +08:00] [WARN] [tso.go:205] ["clock offset"] [jet-lag=763.352ms] [prev-physical=2020/03/13 12:54:31.775 +08:00] [now=2020/03/13 12:54:32.538 +08:00]
[2020/03/13 13:21:08.182 +08:00] [WARN] [tso.go:205] ["clock offset"] [jet-lag=13m44.382866s] [prev-physical=2020/03/13 13:07:23.799 +08:00] [now=2020/03/13 13:21:08.182 +08:00]
[2020/03/13 13:21:08.539 +08:00] [WARN] [tso.go:205] ["clock offset"] [jet-lag=357.042ms] [prev-physical=2020/03/13 13:21:08.182 +08:00] [now=2020/03/13 13:21:08.539 +08:00]
[2020/03/13 14:10:58.226 +08:00] [WARN] [tso.go:205] ["clock offset"] [jet-lag=37m32.683563s] [prev-physical=2020/03/13 13:33:25.542 +08:00] [now=2020/03/13 14:10:58.226 +08:00]
[2020/03/13 14:10:58.603 +08:00] [WARN] [tso.go:205] ["clock offset"] [jet-lag=377.507ms] [prev-physical=2020/03/13 14:10:58.226 +08:00] [now=2020/03/13 14:10:58.603 +08:00]
[2020/03/13 14:49:18.179 +08:00] [WARN] [tso.go:205] ["clock offset"] [jet-lag=37m26.053667s] [prev-physical=2020/03/13 14:11:52.125 +08:00] [now=2020/03/13 14:49:18.179 +08:00]
[2020/03/13 14:49:18.536 +08:00] [WARN] [tso.go:205] ["clock offset"] [jet-lag=356.956ms] [prev-physical=2020/03/13 14:49:18.179 +08:00] [now=2020/03/13 14:49:18.536 +08:00]
[2020/03/13 15:26:20.144 +08:00] [WARN] [tso.go:205] ["clock offset"] [jet-lag=36m8.033561s] [prev-physical=2020/03/13 14:50:12.110 +08:00] [now=2020/03/13 15:26:20.144 +08:00]
[2020/03/13 15:26:20.499 +08:00] [WARN] [tso.go:205] ["clock offset"] [jet-lag=355.1ms] [prev-physical=2020/03/13 15:26:20.144 +08:00] [now=2020/03/13 15:26:20.499 +08:00]
[2020/03/13 15:40:32.024 +08:00] [WARN] [tso.go:205] ["clock offset"] [jet-lag=13m17.990365s] [prev-physical=2020/03/13 15:27:14.034 +08:00] [now=2020/03/13 15:40:32.024 +08:00]
[2020/03/13 15:40:32.383 +08:00] [WARN] [tso.go:205] ["clock offset"] [jet-lag=358.523ms] [prev-physical=2020/03/13 15:40:32.024 +08:00] [now=2020/03/13 15:40:32.383 +08:00]
[2020/03/13 16:04:31.995 +08:00] [INFO] [periodic.go:135] ["starting auto periodic compaction"] [revision=4662] [compact-period=1h0m0s]
[2020/03/13 16:04:32.010 +08:00] [INFO] [index.go:189] ["compact tree index"] [revision=4662]
[2020/03/13 16:04:32.013 +08:00] [INFO] [periodic.go:146] ["completed auto periodic compaction"] [revision=4662] [compact-period=1h0m0s] [took=1h0m0.554772042s]
[2020/03/13 16:04:32.040 +08:00] [INFO] [kvstore_compaction.go:55] ["finished scheduled compaction"] [compact-revision=4662] [took=27.672506ms]
[2020/03/13 16:28:37.081 +08:00] [WARN] [tso.go:205] ["clock offset"] [jet-lag=14.905066s] [prev-physical=2020/03/13 16:28:21.832 +08:00] [now=2020/03/13 16:28:36.737 +08:00]
[2020/03/13 16:28:37.205 +08:00] [WARN] [tso.go:205] ["clock offset"] [jet-lag=467.808ms] [prev-physical=2020/03/13 16:28:36.737 +08:00] [now=2020/03/13 16:28:37.205 +08:00]
[2020/03/13 16:29:41.477 +08:00] [WARN] [wal.go:712] ["slow fdatasync"] [took=1.099200359s] [expected-duration=1s]
